  CmdLineParser.cpp
  Factor.cpp
  Geometry.cpp
  MarchingCubes.cpp
  [WARNING] Not clear if MarchingSquares::edgeMask and MarchingSquares::edges are set correctly
  PlyFile.cpp
  PoissonRecon.cpp
C:\workplace\All_in_one\Src\MultiGridOctreeData.inl(6708): warning C5037: Octree2<Real>::SolveSPR: 类模板的成员的外部定义不得具有默认参数
  [WARNING] Setting default full depth to 5
C:\workplace\All_in_one\Src\PoissonRecon.cpp(542,14): warning C4305: “=”: 从“double”到“float”截断
C:\workplace\All_in_one\Src\PoissonRecon.cpp(548,14): warning C4305: “=”: 从“double”到“float”截断
C:\workplace\All_in_one\Src\PoissonRecon.cpp(341,1): warning C4267: “初始化”: 从“size_t”转换到“int”，可能丢失数据
C:\workplace\All_in_one\Src\PoissonRecon.cpp(563): message : 查看对正在编译的函数 模板 实例化“int ImplicitOrient<float,PlyValueVertex<float>>(int,float,std::string,std::vector<std::vector<float,std::allocator<float>>,std::allocator<std::vector<float,std::allocator<float>>>>,std::vector<std::vector<float,std::allocator<float>>,std::allocator<std::vector<float,std::allocator<float>>>>,std::vector<std::vector<float,std::allocator<float>>,std::allocator<std::vector<float,std::allocator<float>>>> &,std::vector<std::vector<float,std::allocator<float>>,std::allocator<std::vector<float,std::allocator<float>>>> &)”的引用
C:\workplace\All_in_one\Src\PoissonRecon.cpp(258,115): warning C4244: “参数”: 从“double”转换到“Real”，可能丢失数据
          with
          [
              Real=float
          ]
C:\workplace\All_in_one\Src\PoissonRecon.cpp(570): message : 查看对正在编译的函数 模板 实例化“int PoissonRecon<float,PlyValueVertex<float>>(int,float,std::vector<std::vector<float,std::allocator<float>>,std::allocator<std::vector<float,std::allocator<float>>>>,std::vector<std::vector<float,std::allocator<float>>,std::allocator<std::vector<float,std::allocator<float>>>>,std::string,bool)”的引用
C:\workplace\All_in_one\Src\MultiGridOctreeData.inl(7222,1): warning C4305: “初始化”: 从“double”到“Real”截断
          with
          [
              Real=float
          ]
C:\workplace\All_in_one\Src\MultiGridOctreeData.inl(7216): message : 在编译 类 模板 成员函数“std::vector<std::vector<MatrixEntry<Real>,std::allocator<MatrixEntry<Real>>>,std::allocator<std::vector<MatrixEntry<Real>,std::allocator<MatrixEntry<Real>>>>> Octree2<Real>::SetLaplacianConstraints2(const Octree2<Real>::SmoothCoeff &)”时
          with
          [
              Real=float
          ]
C:\workplace\All_in_one\Src\PoissonRecon.cpp(424): message : 查看对正在编译的函数 模板 实例化“std::vector<std::vector<MatrixEntry<Real>,std::allocator<MatrixEntry<Real>>>,std::allocator<std::vector<MatrixEntry<Real>,std::allocator<MatrixEntry<Real>>>>> Octree2<Real>::SetLaplacianConstraints2(const Octree2<Real>::SmoothCoeff &)”的引用
          with
          [
              Real=float
          ]
C:\workplace\All_in_one\Src\PoissonRecon.cpp(399): message : 查看对正在编译的 类 模板 实例化“Octree2<Real>”的引用
          with
          [
              Real=float
          ]
C:\workplace\All_in_one\Src\PoissonRecon.cpp(559): message : 查看对正在编译的函数 模板 实例化“int Orient_coarse<float,PlyValueVertex<float>>(int,std::string,std::vector<std::vector<float,std::allocator<float>>,std::allocator<std::vector<float,std::allocator<float>>>> &,std::vector<std::vector<float,std::allocator<float>>,std::allocator<std::vector<float,std::allocator<float>>>> &,float,float,float,bool)”的引用
C:\workplace\All_in_one\Src\MultiGridOctreeData.inl(7285,1): warning C4267: “初始化”: 从“size_t”转换到“int”，可能丢失数据
C:\workplace\All_in_one\Src\MultiGridOctreeData.inl(7345,1): warning C4267: “初始化”: 从“size_t”转换到“int”，可能丢失数据
C:\workplace\All_in_one\Src\MultiGridOctreeData.inl(7411,1): warning C4267: “初始化”: 从“size_t”转换到“int”，可能丢失数据
C:\workplace\All_in_one\Src\MultiGridOctreeData.inl(7450,1): warning C4267: “初始化”: 从“size_t”转换到“int”，可能丢失数据
C:\workplace\All_in_one\Src\MultiGridOctreeData.inl(7529,1): warning C4267: “初始化”: 从“size_t”转换到“int”，可能丢失数据
C:\workplace\All_in_one\Src\MultiGridOctreeData.inl(7635,1): warning C4267: “初始化”: 从“size_t”转换到“int”，可能丢失数据
C:\workplace\All_in_one\Src\MultiGridOctreeData.inl(7636,1): warning C4267: “初始化”: 从“size_t”转换到“int”，可能丢失数据
C:\workplace\All_in_one\Src\MultiGridOctreeData.inl(7637,1): warning C4267: “初始化”: 从“size_t”转换到“int”，可能丢失数据
C:\workplace\All_in_one\Src\MultiGridOctreeData.inl(6014,1): warning C4305: “初始化”: 从“double”到“Real”截断
          with
          [
              Real=float
          ]
C:\workplace\All_in_one\Src\MultiGridOctreeData.inl(5971): message : 在编译 类 模板 成员函数“Real *Octree2<Real>::SolveSystem2(std::string,Octree2<Real>::PointInfo &,std::vector<std::vector<MatrixEntry<Real>,std::allocator<MatrixEntry<Real>>>,std::allocator<std::vector<MatrixEntry<Real>,std::allocator<MatrixEntry<Real>>>>>,std::vector<std::vector<float,std::allocator<float>>,std::allocator<std::vector<float,std::allocator<float>>>> &,std::vector<std::vector<float,std::allocator<float>>,std::allocator<std::vector<float,std::allocator<float>>>> &,float,float,float,bool)”时
          with
          [
              Real=float
          ]
C:\workplace\All_in_one\Src\PoissonRecon.cpp(427): message : 查看对正在编译的函数 模板 实例化“Real *Octree2<Real>::SolveSystem2(std::string,Octree2<Real>::PointInfo &,std::vector<std::vector<MatrixEntry<Real>,std::allocator<MatrixEntry<Real>>>,std::allocator<std::vector<MatrixEntry<Real>,std::allocator<MatrixEntry<Real>>>>>,std::vector<std::vector<float,std::allocator<float>>,std::allocator<std::vector<float,std::allocator<float>>>> &,std::vector<std::vector<float,std::allocator<float>>,std::allocator<std::vector<float,std::allocator<float>>>> &,float,float,float,bool)”的引用
          with
          [
              Real=float
          ]
C:\workplace\All_in_one\Src\MultiGridOctreeData.inl(6037,11): warning C4244: “初始化”: 从“double”转换到“Real”，可能丢失数据
          with
          [
              Real=float
          ]
C:\workplace\All_in_one\Src\MultiGridOctreeData.inl(6093,1): warning C4305: “初始化”: 从“double”到“Real”截断
          with
          [
              Real=float
          ]
C:\workplace\All_in_one\Src\MultiGridOctreeData.inl(6094,20): warning C4244: “初始化”: 从“double”转换到“Real”，可能丢失数据
          with
          [
              Real=float
          ]
C:\workplace\All_in_one\Src\MultiGridOctreeData.inl(6106,13): warning C4244: “初始化”: 从“double”转换到“Real”，可能丢失数据
          with
          [
              Real=float
          ]
C:\workplace\All_in_one\Src\MultiGridOctreeData.inl(6107,13): warning C4244: “初始化”: 从“double”转换到“Real”，可能丢失数据
          with
          [
              Real=float
          ]
C:\workplace\All_in_one\Src\MultiGridOctreeData.inl(6108,13): warning C4244: “初始化”: 从“double”转换到“Real”，可能丢失数据
          with
          [
              Real=float
          ]
C:\workplace\All_in_one\Src\MultiGridOctreeData.inl(6109,13): warning C4244: “初始化”: 从“double”转换到“Real”，可能丢失数据
          with
          [
              Real=float
          ]
C:\workplace\All_in_one\Src\MultiGridOctreeData.inl(6110,13): warning C4244: “初始化”: 从“double”转换到“Real”，可能丢失数据
          with
          [
              Real=float
          ]
C:\workplace\All_in_one\Src\MultiGridOctreeData.inl(6111,13): warning C4244: “初始化”: 从“double”转换到“Real”，可能丢失数据
          with
          [
              Real=float
          ]
C:\workplace\All_in_one\Src\MultiGridOctreeData.inl(6124,1): warning C4305: “初始化”: 从“double”到“Real”截断
          with
          [
              Real=float
          ]
C:\workplace\All_in_one\Src\MultiGridOctreeData.inl(6133,1): warning C4267: “=”: 从“size_t”转换到“_Ty”，可能丢失数据
          with
          [
              _Ty=int
          ]
C:\workplace\All_in_one\Src\MultiGridOctreeData.inl(6197,107): warning C4244: “参数”: 从“C”转换到“T”，可能丢失数据
          with
          [
              C=double
          ]
          and
          [
              T=float
          ]
C:\workplace\All_in_one\Src\MultiGridOctreeData.inl(6208,84): warning C4244: “参数”: 从“double”转换到“T”，可能丢失数据
          with
          [
              T=float
          ]
C:\workplace\All_in_one\Src\MultiGridOctreeData.inl(6375,57): warning C4244: “参数”: 从“double”转换到“T”，可能丢失数据
          with
          [
              T=float
          ]
C:\workplace\All_in_one\Src\MultiGridOctreeData.inl(6419,57): warning C4244: “参数”: 从“double”转换到“T”，可能丢失数据
          with
          [
              T=float
          ]
C:\workplace\All_in_one\Src\MultiGridOctreeData.inl(6471,13): warning C4244: “初始化”: 从“double”转换到“Real”，可能丢失数据
          with
          [
              Real=float
          ]
C:\workplace\All_in_one\Src\MultiGridOctreeData.inl(6472,13): warning C4244: “初始化”: 从“double”转换到“Real”，可能丢失数据
          with
          [
              Real=float
          ]
C:\workplace\All_in_one\Src\MultiGridOctreeData.inl(6473,13): warning C4244: “初始化”: 从“double”转换到“Real”，可能丢失数据
          with
          [
              Real=float
          ]
C:\workplace\All_in_one\Src\MultiGridOctreeData.inl(6474,13): warning C4244: “初始化”: 从“double”转换到“Real”，可能丢失数据
          with
          [
              Real=float
          ]
C:\workplace\All_in_one\Src\MultiGridOctreeData.inl(6475,13): warning C4244: “初始化”: 从“double”转换到“Real”，可能丢失数据
          with
          [
              Real=float
          ]
C:\workplace\All_in_one\Src\MultiGridOctreeData.inl(6476,13): warning C4244: “初始化”: 从“double”转换到“Real”，可能丢失数据
          with
          [
              Real=float
          ]
C:\workplace\All_in_one\Src\MultiGridOctreeData.inl(6492,66): warning C4244: “参数”: 从“double”转换到“T”，可能丢失数据
          with
          [
              T=float
          ]
C:\workplace\All_in_one\Src\MultiGridOctreeData.inl(6527,15): warning C4244: “初始化”: 从“double”转换到“Real”，可能丢失数据
          with
          [
              Real=float
          ]
C:\workplace\All_in_one\Src\PointStream.inl(63,12): warning C4244: “=”: 从“double”转换到“Real”，可能丢失数据
          with
          [
              Real=float
          ]
C:\workplace\All_in_one\Src\PointStream.inl(60): message : 在编译 类 模板 成员函数“bool ASCIIPointStream<float>::nextPoint(Point3D<float> &,Point3D<float> &)”时
C:\workplace\All_in_one\Src\PoissonRecon.cpp(417): message : 查看对正在编译的 类 模板 实例化“ASCIIPointStream<float>”的引用
C:\workplace\All_in_one\Src\PointStream.inl(63,26): warning C4244: “=”: 从“double”转换到“Real”，可能丢失数据
          with
          [
              Real=float
          ]
C:\workplace\All_in_one\Src\PointStream.inl(63,40): warning C4244: “=”: 从“double”转换到“Real”，可能丢失数据
          with
          [
              Real=float
          ]
C:\workplace\All_in_one\Src\PointStream.inl(64,12): warning C4244: “=”: 从“double”转换到“Real”，可能丢失数据
          with
          [
              Real=float
          ]
C:\workplace\All_in_one\Src\PointStream.inl(64,26): warning C4244: “=”: 从“double”转换到“Real”，可能丢失数据
          with
          [
              Real=float
          ]
C:\workplace\All_in_one\Src\PointStream.inl(64,40): warning C4244: “=”: 从“double”转换到“Real”，可能丢失数据
          with
          [
              Real=float
          ]
C:\workplace\All_in_one\Src\MultiGridOctreeData.inl(5888,1): warning C4267: “参数”: 从“size_t”转换到“int”，可能丢失数据
C:\workplace\All_in_one\Src\MultiGridOctreeData.inl(5887): message : 在编译 类 模板 成员函数“void Octree2<Real>::VectorMatrixToSparseMatrix(std::vector<std::vector<MatrixEntry<Real>,std::allocator<MatrixEntry<Real>>>,std::allocator<std::vector<MatrixEntry<Real>,std::allocator<MatrixEntry<Real>>>>>,SparseMatrix<Real> &)”时
          with
          [
              Real=float
          ]
C:\workplace\All_in_one\Src\MultiGridOctreeData.inl(6505): message : 查看对正在编译的函数 模板 实例化“void Octree2<Real>::VectorMatrixToSparseMatrix(std::vector<std::vector<MatrixEntry<Real>,std::allocator<MatrixEntry<Real>>>,std::allocator<std::vector<MatrixEntry<Real>,std::allocator<MatrixEntry<Real>>>>>,SparseMatrix<Real> &)”的引用
          with
          [
              Real=float
          ]
C:\workplace\All_in_one\Src\MultiGridOctreeData.inl(2959): message : 在编译 类 模板 成员函数“Octree2<Real>::Octree2(void)”时
          with
          [
              Real=float
          ]
C:\workplace\All_in_one\Src\PoissonRecon.cpp(399): message : 查看对正在编译的函数 模板 实例化“Octree2<Real>::Octree2(void)”的引用
          with
          [
              Real=float
          ]
C:\workplace\All_in_one\Src\MultiGridOctreeData.inl(5891,1): warning C4267: “参数”: 从“size_t”转换到“int”，可能丢失数据
C:\workplace\All_in_one\Src\MultiGridOctreeData.inl(3048,1): warning C4305: “初始化”: 从“double”到“Real”截断
          with
          [
              Real=float
          ]
C:\workplace\All_in_one\Src\MultiGridOctreeData.inl(2984): message : 在编译 类 模板 成员函数“int Octree2<Real>::SplatOrientedPoint(const Real *,Octree2<Real>::TreeOctNode *,const Point3D<Real> &,Real &,Octree2<Real>::SmoothCoeff &,int,OctNode<TreeNodeData>::NeighborKey3 &)”时
          with
          [
              Real=float
          ]
C:\workplace\All_in_one\Src\MultiGridOctreeData.inl(3490): message : 查看对正在编译的函数 模板 实例化“int Octree2<Real>::SplatOrientedPoint(const Real *,Octree2<Real>::TreeOctNode *,const Point3D<Real> &,Real &,Octree2<Real>::SmoothCoeff &,int,OctNode<TreeNodeData>::NeighborKey3 &)”的引用
          with
          [
              Real=float
          ]
C:\Program Files\Microsoft Visual Studio\2022\Community\VC\Tools\MSVC\14.33.31629\include\utility(190,48): warning C4267: “初始化”: 从“size_t”转换到“_Ty2”，可能丢失数据
          with
          [
              _Ty2=int
          ]
C:\workplace\All_in_one\Src\MultiGridOctreeData.inl(6198): message : 查看对正在编译的函数 模板 实例化“std::pair<int,int>::pair<int&,unsigned __int64,0>(_Other1,_Other2 &&) noexcept”的引用
          with
          [
              _Other1=int &,
              _Other2=unsigned __int64
          ]
C:\workplace\All_in_one\Src\MultiGridOctreeData.inl(6198): message : 查看对正在编译的函数 模板 实例化“std::pair<int,int>::pair<int&,unsigned __int64,0>(_Other1,_Other2 &&) noexcept”的引用
          with
          [
              _Other1=int &,
              _Other2=unsigned __int64
          ]
C:\workplace\All_in_one\Src\MultiGridOctreeData.inl(5971): message : 在编译 类 模板 成员函数“Real *Octree2<Real>::SolveSystem2(std::string,Octree2<Real>::PointInfo &,std::vector<std::vector<MatrixEntry<Real>,std::allocator<MatrixEntry<Real>>>,std::allocator<std::vector<MatrixEntry<Real>,std::allocator<MatrixEntry<Real>>>>>,std::vector<std::vector<float,std::allocator<float>>,std::allocator<std::vector<float,std::allocator<float>>>> &,std::vector<std::vector<float,std::allocator<float>>,std::allocator<std::vector<float,std::allocator<float>>>> &,float,float,float,bool)”时
          with
          [
              Real=float
          ]
C:\workplace\All_in_one\Src\PoissonRecon.cpp(427): message : 查看对正在编译的函数 模板 实例化“Real *Octree2<Real>::SolveSystem2(std::string,Octree2<Real>::PointInfo &,std::vector<std::vector<MatrixEntry<Real>,std::allocator<MatrixEntry<Real>>>,std::allocator<std::vector<MatrixEntry<Real>,std::allocator<MatrixEntry<Real>>>>>,std::vector<std::vector<float,std::allocator<float>>,std::allocator<std::vector<float,std::allocator<float>>>> &,std::vector<std::vector<float,std::allocator<float>>,std::allocator<std::vector<float,std::allocator<float>>>> &,float,float,float,bool)”的引用
          with
          [
              Real=float
          ]
  正在生成代码
  Previous IPDB not found, fall back to full compilation.
C:\workplace\All_in_one\Src\PoissonRecon.cpp(430): warning C4715: “Orient_coarse<float,PlyValueVertex<float> >”: 不是所有的控件路径都返回值
  All 3403 functions were compiled because no usable IPDB/IOBJ from previous compilation was found.
  已完成代码的生成
  PoissonRecon.vcxproj -> C:\workplace\All_in_one\Bin\x64\Release\PoissonRecon.exe
